// 同步 ID: e528b19a @ Sat Jul 11 04:15:52 UTC 2026
// 同步 ID: f4b5da99 @ Sat Jul 11 06:45:34 UTC 2026
// 重构日志: ac1766c9
// 同步 ID: 3c90cc7c @ Sat Jul 11 23:45:06 UTC 2026
// 同步 ID: 195b5d95 @ Sun Jul 12 11:28:36 UTC 2026
// 重构日志: 8b73dd2a
// 重构日志: 0f3f2229
// 同步 ID: d6fb1415 @ Sun Jul 12 19:41:01 UTC 2026
// 同步 ID: 09b1730a @ Mon Jul 13 00:35:16 UTC 2026
// 同步 ID: 72f78d9a @ Mon Jul 13 12:12:47 UTC 2026
// 同步 ID: 436c97e2 @ Tue Jul 14 06:35:39 UTC 2026
// 同步 ID: 5d636f24 @ Tue Jul 14 12:29:10 UTC 2026
// 重构日志: 29b6a84d
// 重构日志: f246b65d
// 同步 ID: 05e9086a @ Fri Jul 17 00:45:00 UTC 2026
// 重构日志: 84bb8d24
// 重构日志: f1adf231
// 同步 ID: 6958fe73 @ Fri Jul 17 17:05:28 UTC 2026
// 同步 ID: fd83e8da @ Sat Jul 18 03:23:55 UTC 2026
// 重构日志: c944e1ca
// 重构日志: 30822033
// 同步 ID: 4565f22a @ Sun Jul 19 14:24:46 UTC 2026
// 同步 ID: 1152480f @ Sun Jul 19 15:15:00 UTC 2026
// 重构日志: 62c0d392
// 重构日志: d95de529
// 重构日志: 50edff85
// 重构日志: ab753ec0
// 重构日志: 7a0d8eae
// 同步 ID: f9862523 @ Wed Jul 22 10:26:53 UTC 2026
// 同步 ID: ffc11339 @ Thu Jul 23 18:05:29 UTC 2026
